# JRE version: OpenJDK Runtime Environment (11.0.15+10) (build 11.0.15+10-Ubuntu-0ubuntu0.21.10.1)
# Java VM: OpenJDK 64-Bit Server VM (11.0.15+10-Ubuntu-0ubuntu0.21.10.1, mixed mode, sharing, tiered, compressed oops, g1 gc, linux-amd64)
Heap:
 garbage-first heap   total 155648K, used 107141K [0x0000000085600000, 0x0000000100000000)
  region size 1024K, 4 young (4096K), 1 survivors (1024K)
 Metaspace       used 16346K, capacity 17098K, committed 17152K, reserved 1064960K
  class space    used 2203K, capacity 2525K, committed 2560K, reserved 1048576K
GC Heap History (20 events):
Event: 5.321 GC heap before
{Heap before GC invocations=11 (full 0):
 garbage-first heap   total 129024K, used 89001K [0x0000000085600000, 0x0000000100000000)
  region size 1024K, 2 young (2048K), 1 survivors (1024K)
 Metaspace       used 14427K, capacity 15382K, committed 15616K, reserved 1062912K
  class space    used 1949K, capacity 2289K, committed 2304K, reserved 1048576K
}
Event: 5.322 GC heap after
{Heap after GC invocations=12 (full 0):
 garbage-first heap   total 129024K, used 89006K [0x0000000085600000, 0x0000000100000000)
  region size 1024K, 1 young (1024K), 1 survivors (1024K)
 Metaspace       used 14427K, capacity 15382K, committed 15616K, reserved 1062912K
  class space    used 1949K, capacity 2289K, committed 2304K, reserved 1048576K
}
Event: 5.350 GC heap before
{Heap before GC invocations=13 (full 0):
 garbage-first heap   total 129024K, used 93102K [0x0000000085600000, 0x0000000100000000)
  region size 1024K, 2 young (2048K), 1 survivors (1024K)
 Metaspace       used 14427K, capacity 15382K, committed 15616K, reserved 1062912K
  class space    used 1949K, capacity 2289K, committed 2304K, reserved 1048576K
}
Event: 5.351 GC heap after
{Heap after GC invocations=14 (full 0):
 garbage-first heap   total 129024K, used 93109K [0x0000000085600000, 0x0000000100000000)
  region size 1024K, 1 young (1024K), 1 survivors (1024K)
 Metaspace       used 14427K, capacity 15382K, committed 15616K, reserved 1062912K
  class space    used 1949K, capacity 2289K, committed 2304K, reserved 1048576K
}
Event: 5.386 GC heap before
{Heap before GC invocations=15 (full 0):
 garbage-first heap   total 129024K, used 97205K [0x0000000085600000, 0x0000000100000000)
  region size 1024K, 2 young (2048K), 1 survivors (1024K)
 Metaspace       used 14434K, capacity 15382K, committed 15616K, reserved 1062912K
  class space    used 1949K, capacity 2289K, committed 2304K, reserved 1048576K
}
Event: 5.391 GC heap after
{Heap after GC invocations=16 (full 0):
 garbage-first heap   total 129024K, used 97497K [0x0000000085600000, 0x0000000100000000)
  region size 1024K, 1 young (1024K), 1 survivors (1024K)
 Metaspace       used 14434K, capacity 15382K, committed 15616K, reserved 1062912K
  class space    used 1949K, capacity 2289K, committed 2304K, reserved 1048576K
}
Event: 5.461 GC heap before
{Heap before GC invocations=17 (full 0):
 garbage-first heap   total 129024K, used 106713K [0x0000000085600000, 0x0000000100000000)
  region size 1024K, 2 young (2048K), 1 survivors (1024K)
 Metaspace       used 14444K, capacity 15382K, committed 15616K, reserved 1062912K
  class space    used 1949K, capacity 2289K, committed 2304K, reserved 1048576K
}
Event: 5.463 GC heap after
{Heap after GC invocations=18 (full 0):
 garbage-first heap   total 129024K, used 106713K [0x0000000085600000, 0x0000000100000000)
  region size 1024K, 1 young (1024K), 1 survivors (1024K)
 Metaspace       used 14444K, capacity 15382K, committed 15616K, reserved 1062912K
  class space    used 1949K, capacity 2289K, committed 2304K, reserved 1048576K
}
Event: 7.127 GC heap before
{Heap before GC invocations=19 (full 0):
 garbage-first heap   total 129024K, used 111833K [0x0000000085600000, 0x0000000100000000)
  region size 1024K, 6 young (6144K), 1 survivors (1024K)
 Metaspace       used 14746K, capacity 15559K, committed 15616K, reserved 1062912K
  class space    used 1977K, capacity 2302K, committed 2304K, reserved 1048576K
}
Event: 7.133 GC heap after
{Heap after GC invocations=20 (full 0):
 garbage-first heap   total 129024K, used 108463K [0x0000000085600000, 0x0000000100000000)
  region size 1024K, 1 young (1024K), 1 survivors (1024K)
 Metaspace       used 14746K, capacity 15559K, committed 15616K, reserved 1062912K
  class space    used 1977K, capacity 2302K, committed 2304K, reserved 1048576K
}
Event: 7.676 GC heap before
{Heap before GC invocations=20 (full 0):
 garbage-first heap   total 129024K, used 109487K [0x0000000085600000, 0x0000000100000000)
  region size 1024K, 3 young (3072K), 1 survivors (1024K)
 Metaspace       used 14941K, capacity 15719K, committed 16000K, reserved 1062912K
  class space    used 2000K, capacity 2334K, committed 2432K, reserved 1048576K
}
Event: 7.679 GC heap after
{Heap after GC invocations=21 (full 0):
 garbage-first heap   total 155648K, used 108569K [0x0000000085600000, 0x0000000100000000)
  region size 1024K, 1 young (1024K), 1 survivors (1024K)
 Metaspace       used 14941K, capacity 15719K, committed 16000K, reserved 1062912K
  class space    used 2000K, capacity 2334K, committed 2432K, reserved 1048576K
}
Event: 7.785 GC heap before
{Heap before GC invocations=22 (full 0):
 garbage-first heap   total 155648K, used 96281K [0x0000000085600000, 0x0000000100000000)
  region size 1024K, 2 young (2048K), 1 survivors (1024K)
 Metaspace       used 15007K, capacity 15761K, committed 16000K, reserved 1062912K
  class space    used 2010K, capacity 2348K, committed 2432K, reserved 1048576K
}
Event: 7.788 GC heap after
{Heap after GC invocations=23 (full 0):
 garbage-first heap   total 155648K, used 96287K [0x0000000085600000, 0x0000000100000000)
  region size 1024K, 1 young (1024K), 1 survivors (1024K)
 Metaspace       used 15007K, capacity 15761K, committed 16000K, reserved 1062912K
  class space    used 2010K, capacity 2348K, committed 2432K, reserved 1048576K
}
Event: 7.866 GC heap before
{Heap before GC invocations=24 (full 0):
 garbage-first heap   total 155648K, used 100383K [0x0000000085600000, 0x0000000100000000)
  region size 1024K, 2 young (2048K), 1 survivors (1024K)
 Metaspace       used 15009K, capacity 15761K, committed 16000K, reserved 1062912K
  class space    used 2010K, capacity 2348K, committed 2432K, reserved 1048576K
}
Event: 7.867 GC heap after
{Heap after GC invocations=25 (full 0):
 garbage-first heap   total 155648K, used 100372K [0x0000000085600000, 0x0000000100000000)
  region size 1024K, 1 young (1024K), 1 survivors (1024K)
 Metaspace       used 15009K, capacity 15761K, committed 16000K, reserved 1062912K
  class space    used 2010K, capacity 2348K, committed 2432K, reserved 1048576K
}
Event: 8.043 GC heap before
{Heap before GC invocations=26 (full 0):
 garbage-first heap   total 155648K, used 103444K [0x0000000085600000, 0x0000000100000000)
  region size 1024K, 4 young (4096K), 1 survivors (1024K)
 Metaspace       used 15457K, capacity 16234K, committed 16256K, reserved 1062912K
  class space    used 2087K, capacity 2411K, committed 2432K, reserved 1048576K
}
Event: 8.045 GC heap after
{Heap after GC invocations=27 (full 0):
 garbage-first heap   total 155648K, used 101891K [0x0000000085600000, 0x0000000100000000)
  region size 1024K, 1 young (1024K), 1 survivors (1024K)
 Metaspace       used 15457K, capacity 16234K, committed 16256K, reserved 1062912K
  class space    used 2087K, capacity 2411K, committed 2432K, reserved 1048576K
}
Event: 8.146 GC heap before
{Heap before GC invocations=28 (full 0):
 garbage-first heap   total 155648K, used 103939K [0x0000000085600000, 0x0000000100000000)
  region size 1024K, 2 young (2048K), 1 survivors (1024K)
 Metaspace       used 15486K, capacity 16271K, committed 16512K, reserved 1062912K
  class space    used 2091K, capacity 2418K, committed 2432K, reserved 1048576K
}
Event: 8.157 GC heap after
{Heap after GC invocations=29 (full 0):
 garbage-first heap   total 155648K, used 104069K [0x0000000085600000, 0x0000000100000000)
  region size 1024K, 1 young (1024K), 1 survivors (1024K)
 Metaspace       used 15486K, capacity 16271K, committed 16512K, reserved 1062912K
  class space    used 2091K, capacity 2418K, committed 2432K, reserved 1048576K
}

